#
# There is insufficient memory for the Java Runtime Environment to continue.
# Native memory allocation (malloc) failed to allocate 32744 bytes. Error detail: Chunk::new
# Possible reasons:
#   The system is out of physical RAM or swap space
#   This process is running with CompressedOops enabled, and the Java Heap may be blocking the growth of the native heap
# Possible solutions:
#   Reduce memory load on the system
#   Increase physical memory or swap space
#   Check if swap backing store is full
#   Decrease Java heap size (-Xmx/-Xms)
#   Decrease number of Java threads
#   Decrease Java thread stack sizes (-Xss)
#   Set larger code cache with -XX:ReservedCodeCacheSize=
#   JVM is running with Unscaled Compressed Oops mode in which the Java heap is
#     placed in the first 4GB address space. The Java Heap base address is the
#     maximum limit for the native heap growth. Please use -XX:HeapBaseMinAddress
#     to set the Java Heap base and to place the Java Heap above 4GB virtual address.
# This output file may be truncated or incomplete.
#
#  Out of Memory Error (arena.cpp:168), pid=7836, tid=33980
#
# JRE version: OpenJDK Runtime Environment Temurin-21.0.9+10 (21.0.9+10) (build 21.0.9+10-LTS)
# Java VM: OpenJDK 64-Bit Server VM Temurin-21.0.9+10 (21.0.9+10-LTS, mixed mode, sharing, tiered, compressed oops, compressed class ptrs, parallel gc, windows-amd64)
# No core dump will be written. Minidumps are not enabled by default on client versions of Windows
#

---------------  S U M M A R Y ------------

Command Line: --add-modules=ALL-SYSTEM --add-opens=java.base/java.util=ALL-UNNAMED --add-opens=java.base/java.lang=ALL-UNNAMED --add-opens=java.base/sun.nio.fs=ALL-UNNAMED -Declipse.application=org.eclipse.jdt.ls.core.id1 -Dosgi.bundles.defaultStartLevel=4 -Declipse.product=org.eclipse.jdt.ls.core.product -Djava.import.generatesMetadataFilesAtProjectRoot=false -DDetectVMInstallationsJob.disabled=true -Dfile.encoding=utf8 -XX:+UseParallelGC -XX:GCTimeRatio=4 -XX:AdaptiveSizePolicyWeight=90 -Dsun.zip.disableMemoryMapping=true -Xmx2G -Xms100m -Xlog:disable -javaagent:c:\Users\Usuario\.vscode\extensions\redhat.java-1.52.0-win32-x64\lombok\lombok-1.18.39-4050.jar -XX:+HeapDumpOnOutOfMemoryError -XX:HeapDumpPath=c:\Users\Usuario\AppData\Roaming\Code\User\workspaceStorage\3f13babeb5bde7a0ac73986080e85f1d\redhat.java -Daether.dependencyCollector.impl=bf c:\Users\Usuario\.vscode\extensions\redhat.java-1.52.0-win32-x64\server\plugins\org.eclipse.equinox.launcher_1.7.100.v20251111-0406.jar -configuration c:\Users\Usuario\AppData\Roaming\Code\User\globalStorage\redhat.java\1.52.0\config_win -data c:\Users\Usuario\AppData\Roaming\Code\User\workspaceStorage\3f13babeb5bde7a0ac73986080e85f1d\redhat.java\jdt_ws --pipe=\\.\pipe\lsp-351833adfbc4281aa9d3736d1c102653-sock

Host: Intel(R) Core(TM) i7-8665U CPU @ 1.90GHz, 8 cores, 15G,  Windows 11 , 64 bit Build 22621 (10.0.22621.5415)
Time: Mon Feb  2 12:40:43 2026 Hora est. Pac璗ico, Sudam廨ica elapsed time: 183.317090 seconds (0d 0h 3m 3s)

---------------  T H R E A D  ---------------

Current thread (0x0000016fe6575970):  JavaThread "C2 CompilerThread0" daemon [_thread_in_native, id=33980, stack(0x00000061a8b00000,0x00000061a8c00000) (1024K)]


Current CompileTask:
C2:183317 16155       4       java.lang.invoke.MethodType::makeImpl (109 bytes)

Stack: [0x00000061a8b00000,0x00000061a8c00000]
Native frames: (J=compiled Java code, j=interpreted, Vv=VM code, C=native code)
V  [jvm.dll+0x6d6e29]
V  [jvm.dll+0x8b4b76]
V  [jvm.dll+0x8b712e]
V  [jvm.dll+0x8b7813]
V  [jvm.dll+0x283d86]
V  [jvm.dll+0xc66ed]
V  [jvm.dll+0xc6c31]
V  [jvm.dll+0x5ecb7e]
V  [jvm.dll+0x5ec1ce]
V  [jvm.dll+0x5ec1e1]
V  [jvm.dll+0x5ec1e1]
V  [jvm.dll+0x5ec1e1]
V  [jvm.dll+0x5ec1e1]
V  [jvm.dll+0x5ec1e1]
V  [jvm.dll+0x5ec1e1]
V  [jvm.dll+0x5ec1e1]
V  [jvm.dll+0x5ec1e1]
V  [jvm.dll+0x5ec1e1]
V  [jvm.dll+0x5ec1e1]
V  [jvm.dll+0x5ec1e1]
V  [jvm.dll+0x5ec1e1]
V  [jvm.dll+0x5fe593]
V  [jvm.dll+0x255557]
V  [jvm.dll+0x24db6a]
V  [jvm.dll+0x24b482]
V  [jvm.dll+0x1cb13e]
V  [jvm.dll+0x25b29d]
V  [jvm.dll+0x25982a]
V  [jvm.dll+0x3f7ea6]
V  [jvm.dll+0x85e9ad]
V  [jvm.dll+0x6d565d]
C  [ucrtbase.dll+0x29333]
C  [KERNEL32.DLL+0x1259d]
C  [ntdll.dll+0x5af78]


---------------  P R O C E S S  ---------------

Threads class SMR info:
_java_thread_list=0x0000016fecc43610, length=44, elements={
0x0000016fcfaf5340, 0x0000016fcfba9ec0, 0x0000016fcfbab6c0, 0x0000016fcfbad6e0,
0x0000016fe6563f80, 0x0000016fe6568170, 0x0000016fe65697e0, 0x0000016fe6575970,
0x0000016fe657b970, 0x0000016fec1ea470, 0x0000016fec295f70, 0x0000016fecb2c800,
0x0000016fecbc5c10, 0x0000016fec8f23f0, 0x0000016fec8f3510, 0x0000016fed15dea0,
0x0000016fecd895f0, 0x0000016fed09e040, 0x0000016fecbc89a0, 0x0000016fecf5a4a0,
0x0000016fecf58a60, 0x0000016fecf590f0, 0x0000016fecf5ab30, 0x0000016fee3eb420,
0x0000016fee3ebab0, 0x0000016fee3ea700, 0x0000016fee3ed4f0, 0x0000016fee3ea070,
0x0000016fee3ec140, 0x0000016fee3edb80, 0x0000016fee3ec7d0, 0x0000016fee3ee8a0,
0x0000016fee3ee210, 0x0000016fefb25930, 0x0000016fefb252a0, 0x0000016fee3f1000,
0x0000016fee3f1690, 0x0000016fec580a20, 0x0000016fec582460, 0x0000016fec5858e0,
0x0000016fec583180, 0x0000016ff093bc90, 0x0000016fec583810, 0x0000016fec583ea0
}

Java Threads: ( => current thread )
  0x0000016fcfaf5340 JavaThread "main"                              [_thread_blocked, id=10224, stack(0x00000061a8000000,0x00000061a8100000) (1024K)]
  0x0000016fcfba9ec0 JavaThread "Reference Handler"          daemon [_thread_blocked, id=14136, stack(0x00000061a8500000,0x00000061a8600000) (1024K)]
  0x0000016fcfbab6c0 JavaThread "Finalizer"                  daemon [_thread_blocked, id=13208, stack(0x00000061a8600000,0x00000061a8700000) (1024K)]
  0x0000016fcfbad6e0 JavaThread "Signal Dispatcher"          daemon [_thread_blocked, id=35404, stack(0x00000061a8700000,0x00000061a8800000) (1024K)]
  0x0000016fe6563f80 JavaThread "Attach Listener"            daemon [_thread_blocked, id=2648, stack(0x00000061a8800000,0x00000061a8900000) (1024K)]
  0x0000016fe6568170 JavaThread "Service Thread"             daemon [_thread_blocked, id=1244, stack(0x00000061a8900000,0x00000061a8a00000) (1024K)]
  0x0000016fe65697e0 JavaThread "Monitor Deflation Thread"   daemon [_thread_blocked, id=31972, stack(0x00000061a8a00000,0x00000061a8b00000) (1024K)]
=>0x0000016fe6575970 JavaThread "C2 CompilerThread0"         daemon [_thread_in_native, id=33980, stack(0x00000061a8b00000,0x00000061a8c00000) (1024K)]
  0x0000016fe657b970 JavaThread "C1 CompilerThread0"         daemon [_thread_blocked, id=34720, stack(0x00000061a8c00000,0x00000061a8d00000) (1024K)]
  0x0000016fec1ea470 JavaThread "Common-Cleaner"             daemon [_thread_blocked, id=32976, stack(0x00000061a8d00000,0x00000061a8e00000) (1024K)]
  0x0000016fec295f70 JavaThread "Notification Thread"        daemon [_thread_blocked, id=33220, stack(0x00000061a8e00000,0x00000061a8f00000) (1024K)]
  0x0000016fecb2c800 JavaThread "Active Thread: Equinox Container: 494d3081-67c7-4432-9263-203f43a0f508"        [_thread_blocked, id=33184, stack(0x00000061a9500000,0x00000061a9600000) (1024K)]
  0x0000016fecbc5c10 JavaThread "Refresh Thread: Equinox Container: 494d3081-67c7-4432-9263-203f43a0f508" daemon [_thread_blocked, id=34140, stack(0x00000061a9800000,0x00000061a9900000) (1024K)]
  0x0000016fec8f23f0 JavaThread "Framework Event Dispatcher: Equinox Container: 494d3081-67c7-4432-9263-203f43a0f508" daemon [_thread_blocked, id=34488, stack(0x00000061a9600000,0x00000061a9700000) (1024K)]
  0x0000016fec8f3510 JavaThread "Start Level: Equinox Container: 494d3081-67c7-4432-9263-203f43a0f508" daemon [_thread_blocked, id=31792, stack(0x00000061a9900000,0x00000061a9a00000) (1024K)]
  0x0000016fed15dea0 JavaThread "Bundle File Closer"         daemon [_thread_blocked, id=23156, stack(0x00000061a9b00000,0x00000061a9c00000) (1024K)]
  0x0000016fecd895f0 JavaThread "SCR Component Actor"        daemon [_thread_blocked, id=27340, stack(0x00000061a9a00000,0x00000061a9b00000) (1024K)]
  0x0000016fed09e040 JavaThread "Worker-JM"                         [_thread_blocked, id=112, stack(0x00000061a9c00000,0x00000061a9d00000) (1024K)]
  0x0000016fecbc89a0 JavaThread "JNA Cleaner"                daemon [_thread_blocked, id=29404, stack(0x00000061a9d00000,0x00000061a9e00000) (1024K)]
  0x0000016fecf5a4a0 JavaThread "Worker-2"                          [_thread_blocked, id=18352, stack(0x00000061aa100000,0x00000061aa200000) (1024K)]
  0x0000016fecf58a60 JavaThread "Java indexing"              daemon [_thread_blocked, id=1732, stack(0x00000061aa300000,0x00000061aa400000) (1024K)]
  0x0000016fecf590f0 JavaThread "Thread-1"                   daemon [_thread_in_native, id=10284, stack(0x00000061aa600000,0x00000061aa700000) (1024K)]
  0x0000016fecf5ab30 JavaThread "Thread-2"                   daemon [_thread_in_native, id=18656, stack(0x00000061aa700000,0x00000061aa800000) (1024K)]
  0x0000016fee3eb420 JavaThread "Thread-3"                   daemon [_thread_in_native, id=28424, stack(0x00000061aa800000,0x00000061aa900000) (1024K)]
  0x0000016fee3ebab0 JavaThread "Thread-4"                   daemon [_thread_in_native, id=28176, stack(0x00000061aa900000,0x00000061aaa00000) (1024K)]
  0x0000016fee3ea700 JavaThread "Thread-5"                   daemon [_thread_in_native, id=4068, stack(0x00000061aaa00000,0x00000061aab00000) (1024K)]
  0x0000016fee3ed4f0 JavaThread "Thread-6"                   daemon [_thread_in_native, id=27952, stack(0x00000061aab00000,0x00000061aac00000) (1024K)]
  0x0000016fee3ea070 JavaThread "Thread-7"                   daemon [_thread_in_native, id=15496, stack(0x00000061aac00000,0x00000061aad00000) (1024K)]
  0x0000016fee3ec140 JavaThread "Thread-8"                   daemon [_thread_in_native, id=15692, stack(0x00000061aad00000,0x00000061aae00000) (1024K)]
  0x0000016fee3edb80 JavaThread "Thread-9"                   daemon [_thread_in_native, id=23908, stack(0x00000061aae00000,0x00000061aaf00000) (1024K)]
  0x0000016fee3ec7d0 JavaThread "pool-2-thread-1"                   [_thread_blocked, id=4100, stack(0x00000061aaf00000,0x00000061ab000000) (1024K)]
  0x0000016fee3ee8a0 JavaThread "WorkspaceEventsHandler"            [_thread_blocked, id=27728, stack(0x00000061ab000000,0x00000061ab100000) (1024K)]
  0x0000016fee3ee210 JavaThread "pool-1-thread-1"                   [_thread_blocked, id=30872, stack(0x00000061ab100000,0x00000061ab200000) (1024K)]
  0x0000016fefb25930 JavaThread "ForkJoinPool.commonPool-worker-1" daemon [_thread_blocked, id=10804, stack(0x00000061ab300000,0x00000061ab400000) (1024K)]
  0x0000016fefb252a0 JavaThread "Worker-5: Building"                [_thread_blocked, id=32884, stack(0x00000061ab400000,0x00000061ab500000) (1024K)]
  0x0000016fee3f1000 JavaThread "ForkJoinPool.commonPool-worker-2" daemon [_thread_blocked, id=7860, stack(0x00000061ab200000,0x00000061ab300000) (1024K)]
  0x0000016fee3f1690 JavaThread "ForkJoinPool.commonPool-worker-3" daemon [_thread_blocked, id=27272, stack(0x00000061ab500000,0x00000061ab600000) (1024K)]
  0x0000016fec580a20 JavaThread "ForkJoinPool.commonPool-worker-5" daemon [_thread_blocked, id=4400, stack(0x00000061ab700000,0x00000061ab800000) (1024K)]
  0x0000016fec582460 JavaThread "ForkJoinPool.commonPool-worker-6" daemon [_thread_blocked, id=11424, stack(0x00000061ab800000,0x00000061ab900000) (1024K)]
  0x0000016fec5858e0 JavaThread "ForkJoinPool.commonPool-worker-7" daemon [_thread_blocked, id=4448, stack(0x00000061ab900000,0x00000061aba00000) (1024K)]
  0x0000016fec583180 JavaThread "ForkJoinPool.commonPool-worker-8" daemon [_thread_blocked, id=6652, stack(0x00000061a7f00000,0x00000061a8000000) (1024K)]
  0x0000016ff093bc90 JavaThread "C2 CompilerThread1"         daemon [_thread_blocked, id=30600, stack(0x00000061a7e00000,0x00000061a7f00000) (1024K)]
  0x0000016fec583810 JavaThread "Worker-6"                          [_thread_blocked, id=19804, stack(0x00000061a8100000,0x00000061a8200000) (1024K)]
  0x0000016fec583ea0 JavaThread "Compiler Source File Reader" daemon [_thread_blocked, id=19052, stack(0x00000061a9e00000,0x00000061a9f00000) (1024K)]
Total: 44

Other Threads:
  0x0000016fcfb8f830 VMThread "VM Thread"                           [id=6736, stack(0x00000061a8400000,0x00000061a8500000) (1024K)]
  0x0000016fe647ca10 WatcherThread "VM Periodic Task Thread"        [id=9276, stack(0x00000061a8300000,0x00000061a8400000) (1024K)]
  0x0000016fcfb123d0 WorkerThread "GC Thread#0"                     [id=12528, stack(0x00000061a8200000,0x00000061a8300000) (1024K)]
  0x0000016fec5e9940 WorkerThread "GC Thread#1"                     [id=26576, stack(0x00000061a8f00000,0x00000061a9000000) (1024K)]
  0x0000016fec4ad180 WorkerThread "GC Thread#2"                     [id=3476, stack(0x00000061a9000000,0x00000061a9100000) (1024K)]
  0x0000016fec4ad520 WorkerThread "GC Thread#3"                     [id=34096, stack(0x00000061a9100000,0x00000061a9200000) (1024K)]
  0x0000016fec4ad8c0 WorkerThread "GC Thread#4"                     [id=12180, stack(0x00000061a9200000,0x00000061a9300000) (1024K)]
  0x0000016fec4adc60 WorkerThread "GC Thread#5"                     [id=4644, stack(0x00000061a9300000,0x00000061a9400000) (1024K)]
  0x0000016fec4ae000 WorkerThread "GC Thread#6"                     [id=33332, stack(0x00000061a9400000,0x00000061a9500000) (1024K)]
  0x0000016fecbc4e70 WorkerThread "GC Thread#7"                     [id=28964, stack(0x00000061a9700000,0x00000061a9800000) (1024K)]
Total: 10

Threads with active compile tasks:
C2 CompilerThread0  183425 16155       4       java.lang.invoke.MethodType::makeImpl (109 bytes)
C2 CompilerThread1  183425 16183       4       org.eclipse.jdt.internal.core.index.DiskIndex::mergeCategory (301 bytes)
Total: 2

VM state: at safepoint (normal execution)

VM Mutex/Monitor currently owned by a thread:  ([mutex/lock_event])
[0x00007ffb0584d570] Threads_lock - owner thread: 0x0000016fcfb8f830
[0x00007ffb0584d670] Heap_lock - owner thread: 0x0000016fee3f1000

Heap address: 0x0000000080000000, size: 2048 MB, Compressed Oops mode: 32-bit

CDS archive(s) mapped at: [0x0000016f80000000-0x0000016f80ba0000-0x0000016f80ba0000), size 12189696, SharedBaseAddress: 0x0000016f80000000, ArchiveRelocationMode: 1.
Compressed class space mapped at: 0x0000016f81000000-0x0000016fc1000000, reserved size: 1073741824
Narrow klass base: 0x0000016f80000000, Narrow klass shift: 0, Narrow klass range: 0x100000000

GC Precious Log:
 CardTable entry size: 512
 CPUs: 8 total, 8 available
 Memory: 16194M
 Large Page Support: Disabled
 NUMA Support: Disabled
 Compressed Oops: Enabled (32-bit)
 Alignments: Space 512K, Generation 512K, Heap 2M
 Heap Min Capacity: 100M
 Heap Initial Capacity: 100M
 Heap Max Capacity: 2G
 Pre-touch: Disabled
 Parallel Workers: 8

Heap:
 PSYoungGen      total 8192K, used 7979K [0x00000000d5580000, 0x00000000d6200000, 0x0000000100000000)
  eden space 5120K, 98% used [0x00000000d5580000,0x00000000d5a68d28,0x00000000d5a80000)
  from space 3072K, 96% used [0x00000000d5f00000,0x00000000d61e21a0,0x00000000d6200000)
  to   space 3584K, 80% used [0x00000000d5b00000,0x00000000d5dd41f0,0x00000000d5e80000)
 ParOldGen       total 685568K, used 685171K [0x0000000080000000, 0x00000000a9d80000, 0x00000000d5580000)
  object space 685568K, 99% used [0x0000000080000000,0x00000000a9d1cc58,0x00000000a9d80000)
 Metaspace       used 69347K, committed 71040K, reserved 1114112K
  class space    used 7105K, committed 7872K, reserved 1048576K

Card table byte_map: [0x0000016fcf490000,0x0000016fcf8a0000] _byte_map_base: 0x0000016fcf090000

Marking Bits: (ParMarkBitMap*) 0x00007ffb05852460
 Begin Bits: [0x0000016fe1fa0000, 0x0000016fe3fa0000)
 End Bits:   [0x0000016fe3fa0000, 0x0000016fe5fa0000)

Polling page: 0x0000016fcd9a0000

Metaspace:

Usage:
  Non-class:     60.78 MB used.
      Class:      6.94 MB used.
       Both:     67.72 MB used.

Virtual space:
  Non-class space:       64.00 MB reserved,      61.69 MB ( 96%) committed,  1 nodes.
      Class space:        1.00 GB reserved,       7.69 MB ( <1%) committed,  1 nodes.
             Both:        1.06 GB reserved,      69.38 MB (  6%) committed. 

Chunk freelists:
   Non-Class:  2.34 MB
       Class:  8.36 MB
        Both:  10.70 MB

MaxMetaspaceSize: unlimited
CompressedClassSpaceSize: 1.00 GB
Initial GC threshold: 21.00 MB
Current GC threshold: 97.31 MB
CDS: on
 - commit_granule_bytes: 65536.
 - commit_granule_words: 8192.
 - virtual_space_node_default_size: 8388608.
 - enlarge_chunks_in_place: 1.
 - use_allocation_guard: 0.


Internal statistics:

num_allocs_failed_limit: 9.
num_arena_births: 1398.
num_arena_deaths: 14.
num_vsnodes_births: 2.
num_vsnodes_deaths: 0.
num_space_committed: 1110.
num_space_uncommitted: 0.
num_chunks_returned_to_freelist: 23.
num_chunks_taken_from_freelist: 4903.
num_chunk_merges: 15.
num_chunk_splits: 2921.
num_chunks_enlarged: 1491.
num_inconsistent_stats: 0.

CodeHeap 'non-profiled nmethods': size=120000Kb used=9431Kb max_used=9431Kb free=110569Kb
 bounds [0x0000016fda7c0000, 0x0000016fdb100000, 0x0000016fe1cf0000]
CodeHeap 'profiled nmethods': size=120000Kb used=33920Kb max_used=33920Kb free=86079Kb
 bounds [0x0000016fd2cf0000, 0x0000016fd4e20000, 0x0000016fda220000]
CodeHeap 'non-nmethods': size=5760Kb used=1453Kb max_used=1559Kb free=4306Kb
 bounds [0x0000016fda220000, 0x0000016fda490000, 0x0000016fda7c0000]
CodeCache: size=245760Kb, used=44804Kb, max_used=44910Kb, free=200954Kb
 total_blobs=16110, nmethods=15340, adapters=674, full_count=0
Compilation: enabled, stopped_count=0, restarted_count=0

Compilation events (20 events):
Event: 183.262 Thread 0x0000016fe657b970 16191       2       org.eclipse.jdt.internal.compiler.flow.UnconditionalFlowInfo::initsWhenTrue (2 bytes)
Event: 183.262 Thread 0x0000016fe657b970 nmethod 16191 0x0000016fd4e0ad10 code [0x0000016fd4e0aea0, 0x0000016fd4e0afa8]
Event: 183.262 Thread 0x0000016fe657b970 16192       2       org.eclipse.jdt.internal.compiler.ast.BinaryExpression::updateFlowOnBooleanResult (47 bytes)
Event: 183.263 Thread 0x0000016fe657b970 nmethod 16192 0x0000016fd4e0b010 code [0x0000016fd4e0b1c0, 0x0000016fd4e0b380]
Event: 183.263 Thread 0x0000016fe657b970 16193   !   2       org.eclipse.jdt.internal.compiler.ClassFile::generateAnnotation (665 bytes)
Event: 183.276 Thread 0x0000016ff093bc90 nmethod 16157 0x0000016fdb0f3890 code [0x0000016fdb0f3b20, 0x0000016fdb0f4f48]
Event: 183.276 Thread 0x0000016fe657b970 nmethod 16193 0x0000016fd4e0b490 code [0x0000016fd4e0b760, 0x0000016fd4e0c360]
Event: 183.277 Thread 0x0000016fe657b970 16198       2       org.eclipse.jdt.internal.compiler.codegen.StackMapFrame::numberOfDifferentLocals (685 bytes)
Event: 183.277 Thread 0x0000016ff093bc90 16183       4       org.eclipse.jdt.internal.core.index.DiskIndex::mergeCategory (301 bytes)
Event: 183.280 Thread 0x0000016fe657b970 nmethod 16198 0x0000016fd4e0cc90 code [0x0000016fd4e0cf00, 0x0000016fd4e0d9c8]
Event: 183.280 Thread 0x0000016fe657b970 16196       2       org.eclipse.jdt.internal.compiler.codegen.BranchLabel::place (377 bytes)
Event: 183.282 Thread 0x0000016fe657b970 nmethod 16196 0x0000016fd4e0e010 code [0x0000016fd4e0e220, 0x0000016fd4e0e768]
Event: 183.282 Thread 0x0000016fe657b970 16194       2       org.eclipse.jdt.internal.compiler.codegen.BranchLabel::<init> (56 bytes)
Event: 183.282 Thread 0x0000016fe657b970 nmethod 16194 0x0000016fd4e0eb90 code [0x0000016fd4e0ed40, 0x0000016fd4e0ef78]
Event: 183.282 Thread 0x0000016fe657b970 16195       2       org.eclipse.jdt.internal.compiler.codegen.Label::<init> (15 bytes)
Event: 183.283 Thread 0x0000016fe657b970 nmethod 16195 0x0000016fd4e0f190 code [0x0000016fd4e0f320, 0x0000016fd4e0f448]
Event: 183.283 Thread 0x0000016fe657b970 16197       2       org.eclipse.jdt.internal.compiler.codegen.CodeStream::addLabel (57 bytes)
Event: 183.283 Thread 0x0000016fe657b970 nmethod 16197 0x0000016fd4e0f510 code [0x0000016fd4e0f6c0, 0x0000016fd4e0fa00]
Event: 183.283 Thread 0x0000016fe657b970 16199       2       org.eclipse.jdt.internal.compiler.ClassFile::add (57 bytes)
Event: 183.284 Thread 0x0000016fe657b970 nmethod 16199 0x0000016fd4e0fb90 code [0x0000016fd4e0fd80, 0x0000016fd4e100b8]

GC Heap History (20 events):
Event: 183.077 GC heap after
{Heap after GC invocations=646 (full 3):
 PSYoungGen      total 6656K, used 1744K [0x00000000d5580000, 0x00000000d5f00000, 0x0000000100000000)
  eden space 4608K, 0% used [0x00000000d5580000,0x00000000d5580000,0x00000000d5a00000)
  from space 2048K, 85% used [0x00000000d5a00000,0x00000000d5bb4050,0x00000000d5c00000)
  to   space 2560K, 0% used [0x00000000d5c80000,0x00000000d5c80000,0x00000000d5f00000)
 ParOldGen       total 669184K, used 668973K [0x0000000080000000, 0x00000000a8d80000, 0x00000000d5580000)
  object space 669184K, 99% used [0x0000000080000000,0x00000000a8d4b780,0x00000000a8d80000)
 Metaspace       used 69201K, committed 70848K, reserved 1114112K
  class space    used 7093K, committed 7808K, reserved 1048576K
}
Event: 183.131 GC heap before
{Heap before GC invocations=647 (full 3):
 PSYoungGen      total 6656K, used 6352K [0x00000000d5580000, 0x00000000d5f00000, 0x0000000100000000)
  eden space 4608K, 99% used [0x00000000d5580000,0x00000000d59fffb0,0x00000000d5a00000)
  from space 2048K, 85% used [0x00000000d5a00000,0x00000000d5bb4050,0x00000000d5c00000)
  to   space 2560K, 0% used [0x00000000d5c80000,0x00000000d5c80000,0x00000000d5f00000)
 ParOldGen       total 669184K, used 668973K [0x0000000080000000, 0x00000000a8d80000, 0x00000000d5580000)
  object space 669184K, 99% used [0x0000000080000000,0x00000000a8d4b780,0x00000000a8d80000)
 Metaspace       used 69221K, committed 70912K, reserved 1114112K
  class space    used 7097K, committed 7872K, reserved 1048576K
}
Event: 183.136 GC heap after
{Heap after GC invocations=647 (full 3):
 PSYoungGen      total 4608K, used 2541K [0x00000000d5580000, 0x00000000d6400000, 0x0000000100000000)
  eden space 2048K, 0% used [0x00000000d5580000,0x00000000d5580000,0x00000000d5780000)
  from space 2560K, 99% used [0x00000000d5c80000,0x00000000d5efb7b8,0x00000000d5f00000)
  to   space 5120K, 0% used [0x00000000d5780000,0x00000000d5780000,0x00000000d5c80000)
 ParOldGen       total 671232K, used 670976K [0x0000000080000000, 0x00000000a8f80000, 0x00000000d5580000)
  object space 671232K, 99% used [0x0000000080000000,0x00000000a8f40008,0x00000000a8f80000)
 Metaspace       used 69221K, committed 70912K, reserved 1114112K
  class space    used 7097K, committed 7872K, reserved 1048576K
}
Event: 183.143 GC heap before
{Heap before GC invocations=648 (full 3):
 PSYoungGen      total 4608K, used 4589K [0x00000000d5580000, 0x00000000d6400000, 0x0000000100000000)
  eden space 2048K, 99% used [0x00000000d5580000,0x00000000d577fff0,0x00000000d5780000)
  from space 2560K, 99% used [0x00000000d5c80000,0x00000000d5efb7b8,0x00000000d5f00000)
  to   space 5120K, 0% used [0x00000000d5780000,0x00000000d5780000,0x00000000d5c80000)
 ParOldGen       total 671232K, used 670976K [0x0000000080000000, 0x00000000a8f80000, 0x00000000d5580000)
  object space 671232K, 99% used [0x0000000080000000,0x00000000a8f40030,0x00000000a8f80000)
 Metaspace       used 69221K, committed 70912K, reserved 1114112K
  class space    used 7097K, committed 7872K, reserved 1048576K
}
Event: 183.146 GC heap after
{Heap after GC invocations=648 (full 3):
 PSYoungGen      total 2560K, used 255K [0x00000000d5580000, 0x00000000d5e00000, 0x0000000100000000)
  eden space 2048K, 0% used [0x00000000d5580000,0x00000000d5580000,0x00000000d5780000)
  from space 512K, 49% used [0x00000000d5780000,0x00000000d57bfdb8,0x00000000d5800000)
  to   space 2048K, 0% used [0x00000000d5c00000,0x00000000d5c00000,0x00000000d5e00000)
 ParOldGen       total 672768K, used 672587K [0x0000000080000000, 0x00000000a9100000, 0x00000000d5580000)
  object space 672768K, 99% used [0x0000000080000000,0x00000000a90d2f78,0x00000000a9100000)
 Metaspace       used 69221K, committed 70912K, reserved 1114112K
  class space    used 7097K, committed 7872K, reserved 1048576K
}
Event: 183.151 GC heap before
{Heap before GC invocations=649 (full 3):
 PSYoungGen      total 2560K, used 2303K [0x00000000d5580000, 0x00000000d5e00000, 0x0000000100000000)
  eden space 2048K, 100% used [0x00000000d5580000,0x00000000d5780000,0x00000000d5780000)
  from space 512K, 49% used [0x00000000d5780000,0x00000000d57bfdb8,0x00000000d5800000)
  to   space 2048K, 0% used [0x00000000d5c00000,0x00000000d5c00000,0x00000000d5e00000)
 ParOldGen       total 672768K, used 672591K [0x0000000080000000, 0x00000000a9100000, 0x00000000d5580000)
  object space 672768K, 99% used [0x0000000080000000,0x00000000a90d3e78,0x00000000a9100000)
 Metaspace       used 69221K, committed 70912K, reserved 1114112K
  class space    used 7097K, committed 7872K, reserved 1048576K
}
Event: 183.155 GC heap after
{Heap after GC invocations=649 (full 3):
 PSYoungGen      total 4608K, used 1764K [0x00000000d5580000, 0x00000000d5e00000, 0x0000000100000000)
  eden space 2560K, 0% used [0x00000000d5580000,0x00000000d5580000,0x00000000d5800000)
  from space 2048K, 86% used [0x00000000d5c00000,0x00000000d5db9168,0x00000000d5e00000)
  to   space 2560K, 0% used [0x00000000d5900000,0x00000000d5900000,0x00000000d5b80000)
 ParOldGen       total 672768K, used 672639K [0x0000000080000000, 0x00000000a9100000, 0x00000000d5580000)
  object space 672768K, 99% used [0x0000000080000000,0x00000000a90dfe78,0x00000000a9100000)
 Metaspace       used 69221K, committed 70912K, reserved 1114112K
  class space    used 7097K, committed 7872K, reserved 1048576K
}
Event: 183.164 GC heap before
{Heap before GC invocations=650 (full 3):
 PSYoungGen      total 4608K, used 4324K [0x00000000d5580000, 0x00000000d5e00000, 0x0000000100000000)
  eden space 2560K, 100% used [0x00000000d5580000,0x00000000d5800000,0x00000000d5800000)
  from space 2048K, 86% used [0x00000000d5c00000,0x00000000d5db9168,0x00000000d5e00000)
  to   space 2560K, 0% used [0x00000000d5900000,0x00000000d5900000,0x00000000d5b80000)
 ParOldGen       total 672768K, used 672639K [0x0000000080000000, 0x00000000a9100000, 0x00000000d5580000)
  object space 672768K, 99% used [0x0000000080000000,0x00000000a90dfe78,0x00000000a9100000)
 Metaspace       used 69228K, committed 70912K, reserved 1114112K
  class space    used 7098K, committed 7872K, reserved 1048576K
}
Event: 183.170 GC heap after
{Heap after GC invocations=650 (full 3):
 PSYoungGen      total 4608K, used 1531K [0x00000000d5580000, 0x00000000d5c80000, 0x0000000100000000)
  eden space 3072K, 0% used [0x00000000d5580000,0x00000000d5580000,0x00000000d5880000)
  from space 1536K, 99% used [0x00000000d5900000,0x00000000d5a7edc8,0x00000000d5a80000)
  to   space 2048K, 0% used [0x00000000d5a80000,0x00000000d5a80000,0x00000000d5c80000)
 ParOldGen       total 674304K, used 674224K [0x0000000080000000, 0x00000000a9280000, 0x00000000d5580000)
  object space 674304K, 99% used [0x0000000080000000,0x00000000a926c1c0,0x00000000a9280000)
 Metaspace       used 69228K, committed 70912K, reserved 1114112K
  class space    used 7098K, committed 7872K, reserved 1048576K
}
Event: 183.179 GC heap before
{Heap before GC invocations=651 (full 3):
 PSYoungGen      total 4608K, used 4603K [0x00000000d5580000, 0x00000000d5c80000, 0x0000000100000000)
  eden space 3072K, 100% used [0x00000000d5580000,0x00000000d5880000,0x00000000d5880000)
  from space 1536K, 99% used [0x00000000d5900000,0x00000000d5a7edc8,0x00000000d5a80000)
  to   space 2048K, 0% used [0x00000000d5a80000,0x00000000d5a80000,0x00000000d5c80000)
 ParOldGen       total 674304K, used 674224K [0x0000000080000000, 0x00000000a9280000, 0x00000000d5580000)
  object space 674304K, 99% used [0x0000000080000000,0x00000000a926c1c0,0x00000000a9280000)
 Metaspace       used 69232K, committed 70912K, reserved 1114112K
  class space    used 7099K, committed 7872K, reserved 1048576K
}
Event: 183.184 GC heap after
{Heap after GC invocations=651 (full 3):
 PSYoungGen      total 5120K, used 1854K [0x00000000d5580000, 0x00000000d5d80000, 0x0000000100000000)
  eden space 3072K, 0% used [0x00000000d5580000,0x00000000d5580000,0x00000000d5880000)
  from space 2048K, 90% used [0x00000000d5a80000,0x00000000d5c4f948,0x00000000d5c80000)
  to   space 2048K, 0% used [0x00000000d5880000,0x00000000d5880000,0x00000000d5a80000)
 ParOldGen       total 675840K, used 675648K [0x0000000080000000, 0x00000000a9400000, 0x00000000d5580000)
  object space 675840K, 99% used [0x0000000080000000,0x00000000a93d01e8,0x00000000a9400000)
 Metaspace       used 69232K, committed 70912K, reserved 1114112K
  class space    used 7099K, committed 7872K, reserved 1048576K
}
Event: 183.192 GC heap before
{Heap before GC invocations=652 (full 3):
 PSYoungGen      total 5120K, used 4926K [0x00000000d5580000, 0x00000000d5d80000, 0x0000000100000000)
  eden space 3072K, 100% used [0x00000000d5580000,0x00000000d5880000,0x00000000d5880000)
  from space 2048K, 90% used [0x00000000d5a80000,0x00000000d5c4f948,0x00000000d5c80000)
  to   space 2048K, 0% used [0x00000000d5880000,0x00000000d5880000,0x00000000d5a80000)
 ParOldGen       total 675840K, used 675648K [0x0000000080000000, 0x00000000a9400000, 0x00000000d5580000)
  object space 675840K, 99% used [0x0000000080000000,0x00000000a93d01e8,0x00000000a9400000)
 Metaspace       used 69232K, committed 70912K, reserved 1114112K
  class space    used 7099K, committed 7872K, reserved 1048576K
}
Event: 183.197 GC heap after
{Heap after GC invocations=652 (full 3):
 PSYoungGen      total 5120K, used 1560K [0x00000000d5580000, 0x00000000d5d80000, 0x0000000100000000)
  eden space 3072K, 0% used [0x00000000d5580000,0x00000000d5580000,0x00000000d5880000)
  from space 2048K, 76% used [0x00000000d5880000,0x00000000d5a06328,0x00000000d5a80000)
  to   space 2048K, 0% used [0x00000000d5b80000,0x00000000d5b80000,0x00000000d5d80000)
 ParOldGen       total 677888K, used 677390K [0x0000000080000000, 0x00000000a9600000, 0x00000000d5580000)
  object space 677888K, 99% used [0x0000000080000000,0x00000000a95838c8,0x00000000a9600000)
 Metaspace       used 69232K, committed 70912K, reserved 1114112K
  class space    used 7099K, committed 7872K, reserved 1048576K
}
Event: 183.208 GC heap before
{Heap before GC invocations=653 (full 3):
 PSYoungGen      total 5120K, used 4632K [0x00000000d5580000, 0x00000000d5d80000, 0x0000000100000000)
  eden space 3072K, 100% used [0x00000000d5580000,0x00000000d5880000,0x00000000d5880000)
  from space 2048K, 76% used [0x00000000d5880000,0x00000000d5a06328,0x00000000d5a80000)
  to   space 2048K, 0% used [0x00000000d5b80000,0x00000000d5b80000,0x00000000d5d80000)
 ParOldGen       total 677888K, used 677390K [0x0000000080000000, 0x00000000a9600000, 0x00000000d5580000)
  object space 677888K, 99% used [0x0000000080000000,0x00000000a95838c8,0x00000000a9600000)
 Metaspace       used 69232K, committed 70912K, reserved 1114112K
  class space    used 7099K, committed 7872K, reserved 1048576K
}
Event: 183.213 GC heap after
{Heap after GC invocations=653 (full 3):
 PSYoungGen      total 6144K, used 1615K [0x00000000d5580000, 0x00000000d5d80000, 0x0000000100000000)
  eden space 4096K, 0% used [0x00000000d5580000,0x00000000d5580000,0x00000000d5980000)
  from space 2048K, 78% used [0x00000000d5b80000,0x00000000d5d13f28,0x00000000d5d80000)
  to   space 2048K, 0% used [0x00000000d5980000,0x00000000d5980000,0x00000000d5b80000)
 ParOldGen       total 678912K, used 678859K [0x0000000080000000, 0x00000000a9700000, 0x00000000d5580000)
  object space 678912K, 99% used [0x0000000080000000,0x00000000a96f2c08,0x00000000a9700000)
 Metaspace       used 69232K, committed 70912K, reserved 1114112K
  class space    used 7099K, committed 7872K, reserved 1048576K
}
Event: 183.228 GC heap before
{Heap before GC invocations=654 (full 3):
 PSYoungGen      total 6144K, used 5711K [0x00000000d5580000, 0x00000000d5d80000, 0x0000000100000000)
  eden space 4096K, 100% used [0x00000000d5580000,0x00000000d5980000,0x00000000d5980000)
  from space 2048K, 78% used [0x00000000d5b80000,0x00000000d5d13f28,0x00000000d5d80000)
  to   space 2048K, 0% used [0x00000000d5980000,0x00000000d5980000,0x00000000d5b80000)
 ParOldGen       total 678912K, used 678859K [0x0000000080000000, 0x00000000a9700000, 0x00000000d5580000)
  object space 678912K, 99% used [0x0000000080000000,0x00000000a96f2c08,0x00000000a9700000)
 Metaspace       used 69245K, committed 70912K, reserved 1114112K
  class space    used 7099K, committed 7872K, reserved 1048576K
}
Event: 183.236 GC heap after
{Heap after GC invocations=654 (full 3):
 PSYoungGen      total 6144K, used 2025K [0x00000000d5580000, 0x00000000d6380000, 0x0000000100000000)
  eden space 4096K, 0% used [0x00000000d5580000,0x00000000d5580000,0x00000000d5980000)
  from space 2048K, 98% used [0x00000000d5980000,0x00000000d5b7a668,0x00000000d5b80000)
  to   space 4608K, 0% used [0x00000000d5f00000,0x00000000d5f00000,0x00000000d6380000)
 ParOldGen       total 680960K, used 680594K [0x0000000080000000, 0x00000000a9900000, 0x00000000d5580000)
  object space 680960K, 99% used [0x0000000080000000,0x00000000a98a4b30,0x00000000a9900000)
 Metaspace       used 69245K, committed 70912K, reserved 1114112K
  class space    used 7099K, committed 7872K, reserved 1048576K
}
Event: 183.266 GC heap before
{Heap before GC invocations=655 (full 3):
 PSYoungGen      total 6144K, used 6121K [0x00000000d5580000, 0x00000000d6380000, 0x0000000100000000)
  eden space 4096K, 100% used [0x00000000d5580000,0x00000000d5980000,0x00000000d5980000)
  from space 2048K, 98% used [0x00000000d5980000,0x00000000d5b7a668,0x00000000d5b80000)
  to   space 4608K, 0% used [0x00000000d5f00000,0x00000000d5f00000,0x00000000d6380000)
 ParOldGen       total 680960K, used 680594K [0x0000000080000000, 0x00000000a9900000, 0x00000000d5580000)
  object space 680960K, 99% used [0x0000000080000000,0x00000000a98a4b30,0x00000000a9900000)
 Metaspace       used 69252K, committed 70976K, reserved 1114112K
  class space    used 7099K, committed 7872K, reserved 1048576K
}
Event: 183.273 GC heap after
{Heap after GC invocations=655 (full 3):
 PSYoungGen      total 8192K, used 2952K [0x00000000d5580000, 0x00000000d6200000, 0x0000000100000000)
  eden space 5120K, 0% used [0x00000000d5580000,0x00000000d5580000,0x00000000d5a80000)
  from space 3072K, 96% used [0x00000000d5f00000,0x00000000d61e21a0,0x00000000d6200000)
  to   space 3584K, 0% used [0x00000000d5b00000,0x00000000d5b00000,0x00000000d5e80000)
 ParOldGen       total 683008K, used 682637K [0x0000000080000000, 0x00000000a9b00000, 0x00000000d5580000)
  object space 683008K, 99% used [0x0000000080000000,0x00000000a9aa35f8,0x00000000a9b00000)
 Metaspace       used 69252K, committed 70976K, reserved 1114112K
  class space    used 7099K, committed 7872K, reserved 1048576K
}
Event: 183.305 GC heap before
{Heap before GC invocations=656 (full 3):
 PSYoungGen      total 8192K, used 7979K [0x00000000d5580000, 0x00000000d6200000, 0x0000000100000000)
  eden space 5120K, 98% used [0x00000000d5580000,0x00000000d5a68d28,0x00000000d5a80000)
  from space 3072K, 96% used [0x00000000d5f00000,0x00000000d61e21a0,0x00000000d6200000)
  to   space 3584K, 0% used [0x00000000d5b00000,0x00000000d5b00000,0x00000000d5e80000)
 ParOldGen       total 683008K, used 682741K [0x0000000080000000, 0x00000000a9b00000, 0x00000000d5580000)
  object space 683008K, 99% used [0x0000000080000000,0x00000000a9abd590,0x00000000a9b00000)
 Metaspace       used 69347K, committed 71040K, reserved 1114112K
  class space    used 7105K, committed 7872K, reserved 1048576K
}

Dll operation events (10 events):
Event: 0.018 Loaded shared library c:\Users\Usuario\.vscode\extensions\redhat.java-1.52.0-win32-x64\jre\21.0.9-win32-x86_64\bin\java.dll
Event: 0.172 Loaded shared library c:\Users\Usuario\.vscode\extensions\redhat.java-1.52.0-win32-x64\jre\21.0.9-win32-x86_64\bin\zip.dll
Event: 0.224 Loaded shared library C:\Users\Usuario\.vscode\extensions\redhat.java-1.52.0-win32-x64\jre\21.0.9-win32-x86_64\bin\instrument.dll
Event: 0.234 Loaded shared library C:\Users\Usuario\.vscode\extensions\redhat.java-1.52.0-win32-x64\jre\21.0.9-win32-x86_64\bin\net.dll
Event: 0.261 Loaded shared library C:\Users\Usuario\.vscode\extensions\redhat.java-1.52.0-win32-x64\jre\21.0.9-win32-x86_64\bin\nio.dll
Event: 0.272 Loaded shared library C:\Users\Usuario\.vscode\extensions\redhat.java-1.52.0-win32-x64\jre\21.0.9-win32-x86_64\bin\zip.dll
Event: 0.325 Loaded shared library C:\Users\Usuario\.vscode\extensions\redhat.java-1.52.0-win32-x64\jre\21.0.9-win32-x86_64\bin\jimage.dll
Event: 0.560 Loaded shared library c:\Users\Usuario\.vscode\extensions\redhat.java-1.52.0-win32-x64\jre\21.0.9-win32-x86_64\bin\verify.dll
Event: 4.595 Loaded shared library C:\Users\Usuario\AppData\Roaming\Code\User\globalStorage\redhat.java\1.52.0\config_win\org.eclipse.equinox.launcher\org.eclipse.equinox.launcher.win32.win32.x86_64_1.2.1500.v20260121-1430\eclipse_11919.dll
Event: 11.305 Loaded shared library C:\Users\Usuario\AppData\Local\Temp\jna-1531808526\jna5469929244281463892.dll

Deoptimization events (20 events):
Event: 183.061 Thread 0x0000016fefb252a0 Uncommon trap: trap_request=0xffffff45 fr.pc=0x0000016fdaad5108 relative=0x00000000000001c8
Event: 183.061 Thread 0x0000016fefb252a0 Uncommon trap: reason=unstable_if action=reinterpret pc=0x0000016fdaad5108 method=org.eclipse.jdt.core.compiler.CharOperation.subarray([CII)[C @ 2 c2
Event: 183.061 Thread 0x0000016fefb252a0 DEOPT PACKING pc=0x0000016fdaad5108 sp=0x00000061ab4fde60
Event: 183.061 Thread 0x0000016fefb252a0 DEOPT UNPACKING pc=0x0000016fda273aa2 sp=0x00000061ab4fde20 mode 2
Event: 183.147 Thread 0x0000016fee3f1000 DEOPT PACKING pc=0x0000016fd3b70626 sp=0x00000061ab2fdee0
Event: 183.147 Thread 0x0000016fee3f1000 DEOPT UNPACKING pc=0x0000016fda274242 sp=0x00000061ab2fd3d0 mode 0
Event: 183.148 Thread 0x0000016fee3f1000 DEOPT PACKING pc=0x0000016fd3b70626 sp=0x00000061ab2fdee0
Event: 183.148 Thread 0x0000016fee3f1000 DEOPT UNPACKING pc=0x0000016fda274242 sp=0x00000061ab2fd3d0 mode 0
Event: 183.149 Thread 0x0000016fee3f1000 DEOPT PACKING pc=0x0000016fd3b70626 sp=0x00000061ab2fdee0
Event: 183.149 Thread 0x0000016fee3f1000 DEOPT UNPACKING pc=0x0000016fda274242 sp=0x00000061ab2fd3d0 mode 0
Event: 183.157 Thread 0x0000016fecf58a60 DEOPT PACKING pc=0x0000016fd4ae5ecc sp=0x00000061aa3fe800
Event: 183.157 Thread 0x0000016fecf58a60 DEOPT UNPACKING pc=0x0000016fda274242 sp=0x00000061aa3fddb0 mode 0
Event: 183.253 Thread 0x0000016fecf58a60 DEOPT PACKING pc=0x0000016fd4df1700 sp=0x00000061aa3fe9f0
Event: 183.253 Thread 0x0000016fecf58a60 DEOPT UNPACKING pc=0x0000016fda274242 sp=0x00000061aa3fdec8 mode 0
Event: 183.261 Thread 0x0000016fecf58a60 DEOPT PACKING pc=0x0000016fd4def8d5 sp=0x00000061aa3fe970
Event: 183.261 Thread 0x0000016fecf58a60 DEOPT UNPACKING pc=0x0000016fda274242 sp=0x00000061aa3fdec8 mode 0
Event: 183.262 Thread 0x0000016fecf58a60 DEOPT PACKING pc=0x0000016fd4def995 sp=0x00000061aa3fe970
Event: 183.262 Thread 0x0000016fecf58a60 DEOPT UNPACKING pc=0x0000016fda274242 sp=0x00000061aa3fdec8 mode 0
Event: 183.275 Thread 0x0000016fecf58a60 DEOPT PACKING pc=0x0000016fd4def8d5 sp=0x00000061aa3fe970
Event: 183.275 Thread 0x0000016fecf58a60 DEOPT UNPACKING pc=0x0000016fda274242 sp=0x00000061aa3fdec8 mode 0

Classes loaded (20 events):
Event: 53.685 Loading class java/util/zip/GZIPInputStream$1
Event: 53.686 Loading class java/util/zip/GZIPInputStream$1 done
Event: 54.617 Loading class java/util/ImmutableCollections$SubList
Event: 54.635 Loading class java/util/ImmutableCollections$SubList done
Event: 54.765 Loading class java/nio/file/attribute/PosixFileAttributes
Event: 54.768 Loading class java/nio/file/attribute/PosixFileAttributes done
Event: 54.809 Loading class java/nio/file/attribute/PosixFileAttributeView
Event: 54.810 Loading class java/nio/file/attribute/PosixFileAttributeView done
Event: 55.213 Loading class java/nio/file/DirectoryIteratorException
Event: 55.214 Loading class java/nio/file/DirectoryIteratorException done
Event: 55.672 Loading class java/util/stream/DistinctOps
Event: 55.673 Loading class java/util/stream/DistinctOps done
Event: 55.673 Loading class java/util/stream/DistinctOps$1
Event: 55.674 Loading class java/util/stream/DistinctOps$1 done
Event: 55.678 Loading class java/util/stream/DistinctOps$1$2
Event: 55.678 Loading class java/util/stream/DistinctOps$1$2 done
Event: 56.636 Loading class java/nio/BufferMismatch
Event: 56.637 Loading class java/nio/BufferMismatch done
Event: 182.958 Loading class java/lang/UnsupportedClassVersionError
Event: 182.959 Loading class java/lang/UnsupportedClassVersionError done

Classes unloaded (7 events):
Event: 14.623 Thread 0x0000016fcfb8f830 Unloading class 0x0000016f811ad400 'java/lang/invoke/LambdaForm$MH+0x0000016f811ad400'
Event: 14.623 Thread 0x0000016fcfb8f830 Unloading class 0x0000016f811ad000 'java/lang/invoke/LambdaForm$MH+0x0000016f811ad000'
Event: 14.623 Thread 0x0000016fcfb8f830 Unloading class 0x0000016f811acc00 'java/lang/invoke/LambdaForm$MH+0x0000016f811acc00'
Event: 14.623 Thread 0x0000016fcfb8f830 Unloading class 0x0000016f811ac800 'java/lang/invoke/LambdaForm$MH+0x0000016f811ac800'
Event: 14.623 Thread 0x0000016fcfb8f830 Unloading class 0x0000016f811ac400 'java/lang/invoke/LambdaForm$BMH+0x0000016f811ac400'
Event: 14.623 Thread 0x0000016fcfb8f830 Unloading class 0x0000016f811ac000 'java/lang/invoke/LambdaForm$DMH+0x0000016f811ac000'
Event: 14.623 Thread 0x0000016fcfb8f830 Unloading class 0x0000016f811aac00 'java/lang/invoke/LambdaForm$DMH+0x0000016f811aac00'

Classes redefined (0 events):
No events

Internal exceptions (20 events):
Event: 53.070 Thread 0x0000016fee3f1000 Exception <a 'sun/nio/fs/WindowsException'{0x00000000d5a38420}> (0x00000000d5a38420) 
thrown [s\src\hotspot\share\prims\jni.cpp, line 520]
Event: 53.086 Thread 0x0000016fee3f1000 Exception <a 'sun/nio/fs/WindowsException'{0x00000000d5a913b8}> (0x00000000d5a913b8) 
thrown [s\src\hotspot\share\prims\jni.cpp, line 520]
Event: 53.086 Thread 0x0000016fee3f1000 Exception <a 'sun/nio/fs/WindowsException'{0x00000000d5a91c98}> (0x00000000d5a91c98) 
thrown [s\src\hotspot\share\prims\jni.cpp, line 520]
Event: 53.212 Thread 0x0000016fefb25930 Exception <a 'java/lang/NoSuchMethodError'{0x00000000d5bc4178}: 'java.lang.Object java.lang.invoke.DirectMethodHandle$Holder.invokeStaticInit(java.lang.Object, java.lang.Object, java.lang.Object)'> (0x00000000d5bc4178) 
thrown [s\src\hotspot\share\interpreter\linkResolver.cpp, line 773]
Event: 53.301 Thread 0x0000016fec583810 Exception <a 'sun/nio/fs/WindowsException'{0x00000000d580dbf0}> (0x00000000d580dbf0) 
thrown [s\src\hotspot\share\prims\jni.cpp, line 520]
Event: 54.524 Thread 0x0000016fec582af0 Exception <a 'sun/nio/fs/WindowsException'{0x00000000d5c482b8}> (0x00000000d5c482b8) 
thrown [s\src\hotspot\share\prims\jni.cpp, line 520]
Event: 54.524 Thread 0x0000016fec582af0 Exception <a 'sun/nio/fs/WindowsException'{0x00000000d5c48bb8}> (0x00000000d5c48bb8) 
thrown [s\src\hotspot\share\prims\jni.cpp, line 520]
Event: 54.539 Thread 0x0000016fec582af0 Exception <a 'sun/nio/fs/WindowsException'{0x00000000d5c56340}> (0x00000000d5c56340) 
thrown [s\src\hotspot\share\prims\jni.cpp, line 520]
Event: 54.539 Thread 0x0000016fec582af0 Exception <a 'sun/nio/fs/WindowsException'{0x00000000d5c56c20}> (0x00000000d5c56c20) 
thrown [s\src\hotspot\share\prims\jni.cpp, line 520]
Event: 55.681 Thread 0x0000016fefb252a0 Exception <a 'java/lang/NoSuchMethodError'{0x00000000d58cd760}: 'java.lang.Object java.lang.invoke.DirectMethodHandle$Holder.newInvokeSpecial(java.lang.Object, java.lang.Object, int, java.lang.Object, java.lang.Object)'> (0x00000000d58cd760) 
thrown [s\src\hotspot\share\interpreter\linkResolver.cpp, line 773]
Event: 55.687 Thread 0x0000016fefb252a0 Exception <a 'java/lang/NoSuchMethodError'{0x00000000d58e79f0}: 'java.lang.Object java.lang.invoke.DirectMethodHandle$Holder.invokeSpecial(java.lang.Object, java.lang.Object, java.lang.Object, int, java.lang.Object, java.lang.Object, java.lang.Object)'> (0x00000000d58e79f0) 
thrown [s\src\hotspot\share\interpreter\linkResolver.cpp, line 773]
Event: 55.739 Thread 0x0000016fefb252a0 Exception <a 'java/lang/NoSuchMethodError'{0x00000000d596f678}: 'void java.lang.invoke.DirectMethodHandle$Holder.invokeStatic(java.lang.Object, int)'> (0x00000000d596f678) 
thrown [s\src\hotspot\share\interpreter\linkResolver.cpp, line 773]
Event: 56.027 Thread 0x0000016fefb252a0 Exception <a 'java/io/FileNotFoundException'{0x00000000d58fe838}> (0x00000000d58fe838) 
thrown [s\src\hotspot\share\prims\jni.cpp, line 520]
Event: 56.027 Thread 0x0000016fefb252a0 Exception <a 'java/io/FileNotFoundException'{0x00000000d58ffb20}> (0x00000000d58ffb20) 
thrown [s\src\hotspot\share\prims\jni.cpp, line 520]
Event: 56.028 Thread 0x0000016fefb252a0 Exception <a 'java/io/FileNotFoundException'{0x00000000d5900b60}> (0x00000000d5900b60) 
thrown [s\src\hotspot\share\prims\jni.cpp, line 520]
Event: 66.583 Thread 0x0000016fee3ee210 Exception <a 'java/lang/IncompatibleClassChangeError'{0x00000000d55d4028}: Found class java.lang.Object, but interface was expected> (0x00000000d55d4028) 
thrown [s\src\hotspot\share\interpreter\linkResolver.cpp, line 840]
Event: 167.574 Thread 0x0000016fee3ee210 Exception <a 'java/lang/IncompatibleClassChangeError'{0x00000000d55f2d40}: Found class java.lang.Object, but interface was expected> (0x00000000d55f2d40) 
thrown [s\src\hotspot\share\interpreter\linkResolver.cpp, line 840]
Event: 168.264 Thread 0x0000016fefb25930 Exception <a 'java/lang/IncompatibleClassChangeError'{0x00000000d565aab0}: Found class java.lang.Object, but interface was expected> (0x00000000d565aab0) 
thrown [s\src\hotspot\share\interpreter\linkResolver.cpp, line 840]
Event: 168.264 Thread 0x0000016fee3f1000 Exception <a 'java/lang/IncompatibleClassChangeError'{0x00000000d5657460}: Found class java.lang.Object, but interface was expected> (0x00000000d5657460) 
thrown [s\src\hotspot\share\interpreter\linkResolver.cpp, line 840]
Event: 183.090 Thread 0x0000016fee3f1000 Exception <a 'java/lang/NoSuchMethodError'{0x00000000d563fec8}: 'int java.lang.invoke.Invokers$Holder.invokeExact_MT(java.lang.Object, java.lang.Object)'> (0x00000000d563fec8) 
thrown [s\src\hotspot\share\interpreter\linkResolver.cpp, line 773]

ZGC Phase Switch (0 events):
No events

VM Operations (20 events):
Event: 183.143 Executing VM operation: ParallelGCFailedAllocation (Allocation Failure) done
Event: 183.143 Executing VM operation: ParallelGCSystemGC (GCLocker Initiated GC)
Event: 183.146 Executing VM operation: ParallelGCSystemGC (GCLocker Initiated GC) done
Event: 183.151 Executing VM operation: ParallelGCFailedAllocation (Allocation Failure)
Event: 183.155 Executing VM operation: ParallelGCFailedAllocation (Allocation Failure) done
Event: 183.164 Executing VM operation: ParallelGCFailedAllocation (Allocation Failure)
Event: 183.170 Executing VM operation: ParallelGCFailedAllocation (Allocation Failure) done
Event: 183.179 Executing VM operation: ParallelGCFailedAllocation (Allocation Failure)
Event: 183.184 Executing VM operation: ParallelGCFailedAllocation (Allocation Failure) done
Event: 183.192 Executing VM operation: ParallelGCFailedAllocation (Allocation Failure)
Event: 183.197 Executing VM operation: ParallelGCFailedAllocation (Allocation Failure) done
Event: 183.208 Executing VM operation: ParallelGCFailedAllocation (Allocation Failure)
Event: 183.214 Executing VM operation: ParallelGCFailedAllocation (Allocation Failure) done
Event: 183.228 Executing VM operation: ParallelGCFailedAllocation (Allocation Failure)
Event: 183.236 Executing VM operation: ParallelGCFailedAllocation (Allocation Failure) done
Event: 183.263 Executing VM operation: ParallelGCFailedAllocation (Allocation Failure)
Event: 183.273 Executing VM operation: ParallelGCFailedAllocation (Allocation Failure) done
Event: 183.304 Executing VM operation: ParallelGCFailedAllocation (Allocation Failure)
Event: 183.305 Executing VM operation: ParallelGCFailedAllocation (Allocation Failure) done
Event: 183.305 Executing VM operation: ParallelGCSystemGC (GCLocker Initiated GC)

Memory protections (0 events):
No events

Nmethod flushes (20 events):
Event: 32.581 Thread 0x0000016fcfb8f830 flushing  nmethod 0x0000016fd35f1d90
Event: 32.581 Thread 0x0000016fcfb8f830 flushing  nmethod 0x0000016fd35f3190
Event: 32.581 Thread 0x0000016fcfb8f830 flushing  nmethod 0x0000016fd35f3590
Event: 32.581 Thread 0x0000016fcfb8f830 flushing  nmethod 0x0000016fd35f3c90
Event: 32.581 Thread 0x0000016fcfb8f830 flushing  nmethod 0x0000016fd35f4410
Event: 32.581 Thread 0x0000016fcfb8f830 flushing  nmethod 0x0000016fd35f4810
Event: 32.581 Thread 0x0000016fcfb8f830 flushing  nmethod 0x0000016fd3609a90
Event: 32.581 Thread 0x0000016fcfb8f830 flushing  nmethod 0x0000016fd3610d90
Event: 32.581 Thread 0x0000016fcfb8f830 flushing  nmethod 0x0000016fd3612590
Event: 32.581 Thread 0x0000016fcfb8f830 flushing  nmethod 0x0000016fd3612c90
Event: 32.581 Thread 0x0000016fcfb8f830 flushing  nmethod 0x0000016fd3613a10
Event: 32.581 Thread 0x0000016fcfb8f830 flushing  nmethod 0x0000016fd3614010
Event: 32.581 Thread 0x0000016fcfb8f830 flushing  nmethod 0x0000016fd3614890
Event: 32.581 Thread 0x0000016fcfb8f830 flushing  nmethod 0x0000016fd3618510
Event: 32.581 Thread 0x0000016fcfb8f830 flushing  nmethod 0x0000016fd361b410
Event: 32.581 Thread 0x0000016fcfb8f830 flushing  nmethod 0x0000016fd362e990
Event: 32.581 Thread 0x0000016fcfb8f830 flushing  nmethod 0x0000016fd3635190
Event: 32.581 Thread 0x0000016fcfb8f830 flushing  nmethod 0x0000016fd3653110
Event: 32.581 Thread 0x0000016fcfb8f830 flushing  nmethod 0x0000016fd3656910
Event: 32.581 Thread 0x0000016fcfb8f830 flushing osr nmethod 0x0000016fd36b3690

Events (20 events):
Event: 56.228 Thread 0x0000016fec583810 Thread exited: 0x0000016fec583810
Event: 56.228 Thread 0x0000016fec583ea0 Thread exited: 0x0000016fec583ea0
Event: 56.228 Thread 0x0000016fec584bc0 Thread exited: 0x0000016fec584bc0
Event: 56.229 Thread 0x0000016fec57fd00 Thread exited: 0x0000016fec57fd00
Event: 56.230 Thread 0x0000016fec585f70 Thread exited: 0x0000016fec585f70
Event: 114.633 Thread 0x0000016fecf59e10 Thread exited: 0x0000016fecf59e10
Event: 114.941 Thread 0x0000016fec582af0 Thread exited: 0x0000016fec582af0
Event: 116.224 Thread 0x0000016fecf5b1c0 Thread exited: 0x0000016fecf5b1c0
Event: 116.239 Thread 0x0000016fecf5b850 Thread exited: 0x0000016fecf5b850
Event: 116.240 Thread 0x0000016fecf583d0 Thread exited: 0x0000016fecf583d0
Event: 168.687 Thread 0x0000016fe6575970 Thread added: 0x0000016ff093ca30
Event: 169.501 Thread 0x0000016fee3f1690 Thread added: 0x0000016fec583180
Event: 171.788 Thread 0x0000016ff093ca30 Thread exited: 0x0000016ff093ca30
Event: 171.890 Thread 0x0000016fe6575970 Thread added: 0x0000016ff093bc90
Event: 173.916 Thread 0x0000016ff093bc90 Thread exited: 0x0000016ff093bc90
Event: 173.953 Thread 0x0000016fe657b970 Thread added: 0x0000016ff093ca30
Event: 179.278 Thread 0x0000016ff093ca30 Thread exited: 0x0000016ff093ca30
Event: 182.675 Thread 0x0000016fe657b970 Thread added: 0x0000016ff093bc90
Event: 182.683 Thread 0x0000016fefb252a0 Thread added: 0x0000016fec583810
Event: 183.059 Thread 0x0000016fefb252a0 Thread added: 0x0000016fec583ea0


Dynamic libraries:
0x00007ff702ba0000 - 0x00007ff702bae000 	c:\Users\Usuario\.vscode\extensions\redhat.java-1.52.0-win32-x64\jre\21.0.9-win32-x86_64\bin\java.exe
0x00007ffb9d3d0000 - 0x00007ffb9d5e8000 	C:\Windows\SYSTEM32\ntdll.dll
0x00007ffb9bc50000 - 0x00007ffb9bd14000 	C:\Windows\System32\KERNEL32.DLL
0x00007ffb9a590000 - 0x00007ffb9a963000 	C:\Windows\System32\KERNELBASE.dll
0x00007ffb9a970000 - 0x00007ffb9aa81000 	C:\Windows\System32\ucrtbase.dll
0x00007ffb84460000 - 0x00007ffb84478000 	c:\Users\Usuario\.vscode\extensions\redhat.java-1.52.0-win32-x64\jre\21.0.9-win32-x86_64\bin\jli.dll
0x00007ffb9b070000 - 0x00007ffb9b222000 	C:\Windows\System32\USER32.dll
0x00007ffb9ac90000 - 0x00007ffb9acb6000 	C:\Windows\System32\win32u.dll
0x00007ffb9c4c0000 - 0x00007ffb9c4e9000 	C:\Windows\System32\GDI32.dll
0x00007ffb9aeb0000 - 0x00007ffb9afcb000 	C:\Windows\System32\gdi32full.dll
0x00007ffb9afd0000 - 0x00007ffb9b06a000 	C:\Windows\System32\msvcp_win.dll
0x00007ffb83c40000 - 0x00007ffb83c5e000 	c:\Users\Usuario\.vscode\extensions\redhat.java-1.52.0-win32-x64\jre\21.0.9-win32-x86_64\bin\VCRUNTIME140.dll
0x00007ffb823c0000 - 0x00007ffb8265c000 	C:\Windows\WinSxS\amd64_microsoft.windows.common-controls_6595b64144ccf1df_6.0.22621.6060_none_2712eda17382d24b\COMCTL32.dll
0x00007ffb9c410000 - 0x00007ffb9c4b7000 	C:\Windows\System32\msvcrt.dll
0x00007ffb9b350000 - 0x00007ffb9b381000 	C:\Windows\System32\IMM32.DLL
0x00007ffb97620000 - 0x00007ffb9762c000 	c:\Users\Usuario\.vscode\extensions\redhat.java-1.52.0-win32-x64\jre\21.0.9-win32-x86_64\bin\vcruntime140_1.dll
0x00007ffb52fe0000 - 0x00007ffb5306d000 	c:\Users\Usuario\.vscode\extensions\redhat.java-1.52.0-win32-x64\jre\21.0.9-win32-x86_64\bin\msvcp140.dll
0x00007ffb04b90000 - 0x00007ffb05930000 	c:\Users\Usuario\.vscode\extensions\redhat.java-1.52.0-win32-x64\jre\21.0.9-win32-x86_64\bin\server\jvm.dll
0x00007ffb9c4f0000 - 0x00007ffb9c5a1000 	C:\Windows\System32\ADVAPI32.dll
0x00007ffb9bd50000 - 0x00007ffb9bdf8000 	C:\Windows\System32\sechost.dll
0x00007ffb9a4e0000 - 0x00007ffb9a508000 	C:\Windows\System32\bcrypt.dll
0x00007ffb9c7d0000 - 0x00007ffb9c8e8000 	C:\Windows\System32\RPCRT4.dll
0x00007ffb9bbc0000 - 0x00007ffb9bc31000 	C:\Windows\System32\WS2_32.dll
0x00007ffb99a80000 - 0x00007ffb99acd000 	C:\Windows\SYSTEM32\POWRPROF.dll
0x00007ffb94800000 - 0x00007ffb94834000 	C:\Windows\SYSTEM32\WINMM.dll
0x00007ffb8ee60000 - 0x00007ffb8ee6a000 	C:\Windows\SYSTEM32\VERSION.dll
0x00007ffb99a60000 - 0x00007ffb99a73000 	C:\Windows\SYSTEM32\UMPDC.dll
0x00007ffb99480000 - 0x00007ffb99498000 	C:\Windows\SYSTEM32\kernel.appcore.dll
0x00007ffb953c0000 - 0x00007ffb953ca000 	c:\Users\Usuario\.vscode\extensions\redhat.java-1.52.0-win32-x64\jre\21.0.9-win32-x86_64\bin\jimage.dll
0x00007ffb97390000 - 0x00007ffb975c3000 	C:\Windows\SYSTEM32\DBGHELP.DLL
0x00007ffb9c070000 - 0x00007ffb9c401000 	C:\Windows\System32\combase.dll
0x00007ffb9b390000 - 0x00007ffb9b468000 	C:\Windows\System32\OLEAUT32.dll
0x00007ffb69ae0000 - 0x00007ffb69b12000 	C:\Windows\SYSTEM32\dbgcore.DLL
0x00007ffb9a510000 - 0x00007ffb9a58b000 	C:\Windows\System32\bcryptPrimitives.dll
0x00007ffb8ef70000 - 0x00007ffb8ef7f000 	c:\Users\Usuario\.vscode\extensions\redhat.java-1.52.0-win32-x64\jre\21.0.9-win32-x86_64\bin\instrument.dll
0x00007ffb82cf0000 - 0x00007ffb82d10000 	c:\Users\Usuario\.vscode\extensions\redhat.java-1.52.0-win32-x64\jre\21.0.9-win32-x86_64\bin\java.dll
0x00007ffb9ca00000 - 0x00007ffb9d29c000 	C:\Windows\System32\SHELL32.dll
0x00007ffb9aa90000 - 0x00007ffb9abcf000 	C:\Windows\System32\wintypes.dll
0x00007ffb98390000 - 0x00007ffb98caa000 	C:\Windows\SYSTEM32\windows.storage.dll
0x00007ffb9c8f0000 - 0x00007ffb9c9f4000 	C:\Windows\System32\SHCORE.dll
0x00007ffb9bb30000 - 0x00007ffb9bb99000 	C:\Windows\System32\shlwapi.dll
0x00007ffb9a410000 - 0x00007ffb9a435000 	C:\Windows\SYSTEM32\profapi.dll
0x00007ffb818b0000 - 0x00007ffb818c8000 	c:\Users\Usuario\.vscode\extensions\redhat.java-1.52.0-win32-x64\jre\21.0.9-win32-x86_64\bin\zip.dll
0x00007ffb8edf0000 - 0x00007ffb8ee00000 	C:\Users\Usuario\.vscode\extensions\redhat.java-1.52.0-win32-x64\jre\21.0.9-win32-x86_64\bin\net.dll
0x00007ffb95f60000 - 0x00007ffb9608c000 	C:\Windows\SYSTEM32\WINHTTP.dll
0x00007ffb999b0000 - 0x00007ffb99a19000 	C:\Windows\system32\mswsock.dll
0x00007ffb81810000 - 0x00007ffb81826000 	C:\Users\Usuario\.vscode\extensions\redhat.java-1.52.0-win32-x64\jre\21.0.9-win32-x86_64\bin\nio.dll
0x00007ffb8c8b0000 - 0x00007ffb8c8c0000 	c:\Users\Usuario\.vscode\extensions\redhat.java-1.52.0-win32-x64\jre\21.0.9-win32-x86_64\bin\verify.dll
0x00007ffb53350000 - 0x00007ffb53395000 	C:\Users\Usuario\AppData\Roaming\Code\User\globalStorage\redhat.java\1.52.0\config_win\org.eclipse.equinox.launcher\org.eclipse.equinox.launcher.win32.win32.x86_64_1.2.1500.v20260121-1430\eclipse_11919.dll
0x00007ffb9b500000 - 0x00007ffb9b6a1000 	C:\Windows\System32\ole32.dll
0x00007ffb99d80000 - 0x00007ffb99d9b000 	C:\Windows\SYSTEM32\CRYPTSP.dll
0x00007ffb993e0000 - 0x00007ffb99417000 	C:\Windows\system32\rsaenh.dll
0x00007ffb99ad0000 - 0x00007ffb99af8000 	C:\Windows\SYSTEM32\USERENV.dll
0x00007ffb99d60000 - 0x00007ffb99d6c000 	C:\Windows\SYSTEM32\CRYPTBASE.dll
0x00007ffb98f00000 - 0x00007ffb98f2d000 	C:\Windows\SYSTEM32\IPHLPAPI.DLL
0x00007ffb9b340000 - 0x00007ffb9b349000 	C:\Windows\System32\NSI.dll
0x00007ffb71e40000 - 0x00007ffb71e89000 	C:\Users\Usuario\AppData\Local\Temp\jna-1531808526\jna5469929244281463892.dll
0x00007ffb9bc40000 - 0x00007ffb9bc48000 	C:\Windows\System32\PSAPI.DLL
0x00007ffb95f40000 - 0x00007ffb95f59000 	C:\Windows\SYSTEM32\dhcpcsvc6.DLL
0x00007ffb95f20000 - 0x00007ffb95f3f000 	C:\Windows\SYSTEM32\dhcpcsvc.DLL

JVMTI agents:
c:\Users\Usuario\.vscode\extensions\redhat.java-1.52.0-win32-x64\lombok\lombok-1.18.39-4050.jar path:c:\Users\Usuario\.vscode\extensions\redhat.java-1.52.0-win32-x64\jre\21.0.9-win32-x86_64\bin\instrument.dll, loaded, initialized, instrumentlib options:none

dbghelp: loaded successfully - version: 4.0.5 - missing functions: none
symbol engine: initialized successfully - sym options: 0x614 - pdb path: .;c:\Users\Usuario\.vscode\extensions\redhat.java-1.52.0-win32-x64\jre\21.0.9-win32-x86_64\bin;C:\Windows\SYSTEM32;C:\Windows\WinSxS\amd64_microsoft.windows.common-controls_6595b64144ccf1df_6.0.22621.6060_none_2712eda17382d24b;c:\Users\Usuario\.vscode\extensions\redhat.java-1.52.0-win32-x64\jre\21.0.9-win32-x86_64\bin\server;C:\Users\Usuario\AppData\Roaming\Code\User\globalStorage\redhat.java\1.52.0\config_win\org.eclipse.equinox.launcher\org.eclipse.equinox.launcher.win32.win32.x86_64_1.2.1500.v20260121-1430;C:\Users\Usuario\AppData\Local\Temp\jna-1531808526

VM Arguments:
jvm_args: --add-modules=ALL-SYSTEM --add-opens=java.base/java.util=ALL-UNNAMED --add-opens=java.base/java.lang=ALL-UNNAMED --add-opens=java.base/sun.nio.fs=ALL-UNNAMED -Declipse.application=org.eclipse.jdt.ls.core.id1 -Dosgi.bundles.defaultStartLevel=4 -Declipse.product=org.eclipse.jdt.ls.core.product -Djava.import.generatesMetadataFilesAtProjectRoot=false -DDetectVMInstallationsJob.disabled=true -Dfile.encoding=utf8 -XX:+UseParallelGC -XX:GCTimeRatio=4 -XX:AdaptiveSizePolicyWeight=90 -Dsun.zip.disableMemoryMapping=true -Xmx2G -Xms100m -Xlog:disable -javaagent:c:\Users\Usuario\.vscode\extensions\redhat.java-1.52.0-win32-x64\lombok\lombok-1.18.39-4050.jar -XX:+HeapDumpOnOutOfMemoryError -XX:HeapDumpPath=c:\Users\Usuario\AppData\Roaming\Code\User\workspaceStorage\3f13babeb5bde7a0ac73986080e85f1d\redhat.java -Daether.dependencyCollector.impl=bf 
java_command: c:\Users\Usuario\.vscode\extensions\redhat.java-1.52.0-win32-x64\server\plugins\org.eclipse.equinox.launcher_1.7.100.v20251111-0406.jar -configuration c:\Users\Usuario\AppData\Roaming\Code\User\globalStorage\redhat.java\1.52.0\config_win -data c:\Users\Usuario\AppData\Roaming\Code\User\workspaceStorage\3f13babeb5bde7a0ac73986080e85f1d\redhat.java\jdt_ws --pipe=\\.\pipe\lsp-351833adfbc4281aa9d3736d1c102653-sock
java_class_path (initial): c:\Users\Usuario\.vscode\extensions\redhat.java-1.52.0-win32-x64\server\plugins\org.eclipse.equinox.launcher_1.7.100.v20251111-0406.jar
Launcher Type: SUN_STANDARD

[Global flags]
    uintx AdaptiveSizePolicyWeight                 = 90                                        {product} {command line}
     intx CICompilerCount                          = 4                                         {product} {ergonomic}
    uintx GCTimeRatio                              = 4                                         {product} {command line}
     bool HeapDumpOnOutOfMemoryError               = true                                   {manageable} {command line}
    ccstr HeapDumpPath                             = c:\Users\Usuario\AppData\Roaming\Code\User\workspaceStorage\3f13babeb5bde7a0ac73986080e85f1d\redhat.java         {manageable} {command line}
   size_t InitialHeapSize                          = 104857600                                 {product} {command line}
   size_t MaxHeapSize                              = 2147483648                                {product} {command line}
   size_t MaxNewSize                               = 715653120                                 {product} {ergonomic}
   size_t MinHeapDeltaBytes                        = 524288                                    {product} {ergonomic}
   size_t MinHeapSize                              = 104857600                                 {product} {command line}
   size_t NewSize                                  = 34603008                                  {product} {ergonomic}
    uintx NonNMethodCodeHeapSize                   = 5839372                                {pd product} {ergonomic}
    uintx NonProfiledCodeHeapSize                  = 122909434                              {pd product} {ergonomic}
   size_t OldSize                                  = 70254592                                  {product} {ergonomic}
    uintx ProfiledCodeHeapSize                     = 122909434                              {pd product} {ergonomic}
    uintx ReservedCodeCacheSize                    = 251658240                              {pd product} {ergonomic}
     bool SegmentedCodeCache                       = true                                      {product} {ergonomic}
   size_t SoftMaxHeapSize                          = 2147483648                             {manageable} {ergonomic}
     bool UseCompressedOops                        = true                           {product lp64_product} {ergonomic}
     bool UseLargePagesIndividualAllocation        = false                                  {pd product} {ergonomic}
     bool UseParallelGC                            = true                                      {product} {command line}

Logging:
Log output configuration:
 #0: stdout all=off uptime,level,tags foldmultilines=false
 #1: stderr all=off uptime,level,tags foldmultilines=false

Release file:
JAVA_VERSION="21.0.9" 
MODULES="java.base java.compiler java.datatransfer java.xml java.prefs java.desktop java.instrument java.logging java.management java.security.sasl java.naming java.rmi java.management.rmi java.net.http java.scripting java.security.jgss java.transaction.xa java.sql java.sql.rowset java.xml.crypto java.se java.smartcardio jdk.accessibility jdk.internal.jvmstat jdk.attach jdk.charsets jdk.internal.opt jdk.zipfs jdk.compiler jdk.crypto.ec jdk.crypto.cryptoki jdk.crypto.mscapi jdk.dynalink jdk.internal.ed jdk.editpad jdk.hotspot.agent jdk.httpserver jdk.internal.le jdk.internal.vm.ci jdk.internal.vm.compiler jdk.internal.vm.compiler.management jdk.jartool jdk.javadoc jdk.jcmd jdk.management jdk.management.agent jdk.jconsole jdk.jdeps jdk.jdwp.agent jdk.jdi jdk.jfr jdk.jshell jdk.jsobject jdk.jstatd jdk.localedata jdk.management.jfr jdk.naming.dns jdk.naming.rmi jdk.net jdk.nio.mapmode jdk.random jdk.sctp jdk.security.auth jdk.security.jgss jdk.unsupported jdk.unsupported.desktop jdk.xml.dom" 

Environment Variables:
JAVA_HOME=C:\Program Files\Java\jdk-22
PATH=C:\Program Files\Java\jdk-22\bin;C:\Program Files\Git\cmd;C:\Program Files\dotnet\;C:\Windows\System32;C:\Program Files (x86)\Microsoft SQL Server\160\Tools\Binn\;C:\Program Files\Microsoft SQL Server\160\Tools\Binn\;C:\Program Files\Microsoft SQL Server\Client SDK\ODBC\170\Tools\Binn\;C:\Program Files\Microsoft SQL Server\160\DTS\Binn\;C:\Program Files\Microsoft SQL Server\150\Tools\Binn\;C:\Program Files\nodejs\;C:\Program Files\Docker\Docker\resources\bin;C:\Program Files\Java\jdk-22\bin;C:\Users\Usuario\AppData\Local\Microsoft\WindowsApps;C:\Users\Usuario\AppData\Local\Programs\Microsoft VS Code\bin;C:\Users\Usuario\.dotnet\tools;C:\Program Files\JetBrains\IntelliJ IDEA 2025.2.2\bin;C:\Program Files\Java\jdk-22\bin;C:\Users\Usuario\AppData\Roaming\npm
USERNAME=Usuario
OS=Windows_NT
PROCESSOR_IDENTIFIER=Intel64 Family 6 Model 142 Stepping 12, GenuineIntel
TMP=C:\Users\Usuario\AppData\Local\Temp
TEMP=C:\Users\Usuario\AppData\Local\Temp




Periodic native trim disabled

---------------  S Y S T E M  ---------------

OS:
 Windows 11 , 64 bit Build 22621 (10.0.22621.5415)
OS uptime: 14 days 7:41 hours
Hyper-V role detected

CPU: total 8 (initial active 8) (4 cores per cpu, 2 threads per core) family 6 model 142 stepping 12 microcode 0xf8, cx8, cmov, fxsr, ht, mmx, 3dnowpref, sse, sse2, sse3, ssse3, sse4.1, sse4.2, popcnt, lzcnt, tsc, tscinvbit, avx, avx2, aes, erms, clmul, bmi1, bmi2, adx, fma, vzeroupper, clflush, clflushopt, hv, rdtscp, f16c
Processor Information for the first 8 processors :
  Max Mhz: 2112, Current Mhz: 1910, Mhz Limit: 1900

Memory: 4k page, system-wide physical 16194M (341M free)
TotalPageFile size 65346M (AvailPageFile size 0M)
current process WorkingSet (physical memory assigned to process): 317M, peak: 890M
current process commit charge ("private bytes"): 987M, peak: 1683M

vm_info: OpenJDK 64-Bit Server VM (21.0.9+10-LTS) for windows-amd64 JRE (21.0.9+10-LTS), built on 2025-10-21T00:00:00Z by "admin" with unknown MS VC++:1942

END.
